
Showing logs for build [32mcb-kubecd-environment-pr-209-17-9w7kw-1[0m stage [32mfrom-build-pack[0m and container [32mstep-credential-initializer-7wkhb[0m
{"level":"info","ts":1587767912.4189315,"logger":"fallback-logger","caller":"logging/config.go:69","msg":"Fetch GitHub commit ID from kodata failed: open /var/run/ko/refs/heads/0.8.0-ns-support: no such file or directory"}
{"level":"info","ts":1587767912.419759,"logger":"fallback-logger","caller":"creds-init/main.go:40","msg":"Credentials initialized."}

Showing logs for build [32mcb-kubecd-environment-pr-209-17-9w7kw-1[0m stage [32mfrom-build-pack[0m and container [32mstep-working-dir-initializer-r7m7p[0m
{"level":"info","ts":1587767913.895887,"logger":"fallback-logger","caller":"logging/config.go:69","msg":"Fetch GitHub commit ID from kodata failed: open /var/run/ko/HEAD: no such file or directory"}
{"level":"info","ts":1587767913.9095309,"logger":"fallback-logger","caller":"bash/main.go:64","msg":"Successfully executed command \"sh -c mkdir -p /workspace/source\"; output "}

Showing logs for build [32mcb-kubecd-environment-pr-209-17-9w7kw-1[0m stage [32mfrom-build-pack[0m and container [32mstep-place-tools[0m

Showing logs for build [32mcb-kubecd-environment-pr-209-17-9w7kw-1[0m stage [32mfrom-build-pack[0m and container [32mstep-git-source-cb-kubecd-environment-pr-209-17-9w7kw-pp75m[0m
{"level":"info","ts":1587767916.997275,"logger":"fallback-logger","caller":"logging/config.go:69","msg":"Fetch GitHub commit ID from kodata failed: open /var/run/ko/refs/heads/0.8.0-ns-support: no such file or directory"}
{"level":"info","ts":1587767918.078977,"logger":"fallback-logger","caller":"git/git.go:103","msg":"Successfully cloned https://github.com/cb-kubecd/environment-pr-209-17-boot-gke-production.git @ master in path /workspace/source"}

Showing logs for build [32mcb-kubecd-environment-pr-209-17-9w7kw-1[0m stage [32mfrom-build-pack[0m and container [32mstep-git-merge[0m
Using SHAs from PULL_REFS=master:5034cdc67d5c453a61503f56a5fc918414d7a6d0,1:e81f69c07aa75e101e64407a4cde88d287a6f122
DEBUG: LC_ALL=C JX_LOG_LEVEL=error git fetch origin --unshallow e81f69c07aa75e101e64407a4cde88d287a6f122: 5034cdc67d5c453a61503f56a5fc918414d7a6d0:
DEBUG: ran git fetch --unshallow origin e81f69c07aa75e101e64407a4cde88d287a6f122: 5034cdc67d5c453a61503f56a5fc918414d7a6d0: in 
DEBUG: LC_ALL=C JX_LOG_LEVEL=error git branch
DEBUG: LC_ALL=C JX_LOG_LEVEL=error git checkout master
DEBUG: ran git checkout master in 
DEBUG: LC_ALL=C JX_LOG_LEVEL=error git reset --hard 5034cdc67d5c453a61503f56a5fc918414d7a6d0
DEBUG: ran git reset --hard 5034cdc67d5c453a61503f56a5fc918414d7a6d0 in 
DEBUG: LC_ALL=C JX_LOG_LEVEL=error git clean -fd .
DEBUG: ran clean --force -d . in 
DEBUG: LC_ALL=C JX_LOG_LEVEL=error git merge e81f69c07aa75e101e64407a4cde88d287a6f122
DEBUG: ran git merge e81f69c07aa75e101e64407a4cde88d287a6f122 in 
DEBUG: LC_ALL=C JX_LOG_LEVEL=error git log --format=%H%x1f%an%x1f%ae%x1f%cn%x1f%ce%x1f%s%n%b%x1e 5034cdc67d5c453a61503f56a5fc918414d7a6d0..HEAD
Merged SHA e81f69c07aa75e101e64407a4cde88d287a6f122 with commit message 'chore: Promote bdd-spring-1587767049 to version 0.0.1' into base branch master

Showing logs for build [32mcb-kubecd-environment-pr-209-17-9w7kw-1[0m stage [32mfrom-build-pack[0m and container [32mstep-build-helm-build[0m
WARNING: No $CHART_REPOSITORY defined so using the default value of: http://jenkins-x-chartmuseum:8080
Adding missing Helm repo: storage.googleapis.com https://storage.googleapis.com/chartmuseum.jenkins-x.io
WARNING: No secrets found on "helm/repos" due: reading the secret "helm/repos" from vault: no secret "helm/repos" not found in vault
Read credentials for https://storage.googleapis.com/chartmuseum.jenkins-x.io from vault helm/repos
Successfully added Helm repository storage.googleapis.com.
Adding missing Helm repo: jenkins-x-chartmuseum http://jenkins-x-chartmuseum:8080
WARNING: No secrets found on "helm/repos" due: reading the secret "helm/repos" from vault: no secret "helm/repos" not found in vault
Read credentials for http://jenkins-x-chartmuseum:8080 from vault helm/repos
Successfully added Helm repository jenkins-x-chartmuseum.
WARNING: No $CHART_REPOSITORY defined so using the default value of: http://jenkins-x-chartmuseum:8080
Adding missing Helm repo: chartmuseum.jenkins-x.io http://chartmuseum.jenkins-x.io
WARNING: No secrets found on "helm/repos" due: reading the secret "helm/repos" from vault: no secret "helm/repos" not found in vault
Read credentials for http://chartmuseum.jenkins-x.io from vault helm/repos
Successfully added Helm repository chartmuseum.jenkins-x.io.
